# JRE version: OpenJDK Runtime Environment (8.0_202-b03) (build 1.8.0_202-release-1483-b03)
# Java VM: OpenJDK 64-Bit Server VM (25.202-b03 mixed mode windows-amd64 compressed oops)
Heap:
 PSYoungGen      total 141824K, used 78835K [0x00000000f5580000, 0x0000000100000000, 0x0000000100000000)
  eden space 114176K, 69% used [0x00000000f5580000,0x00000000fa27cfe0,0x00000000fc500000)
  from space 27648K, 0% used [0x00000000fc500000,0x00000000fc500000,0x00000000fe000000)
  to   space 26624K, 0% used [0x00000000fe600000,0x00000000fe600000,0x0000000100000000)
 ParOldGen       total 324096K, used 73551K [0x00000000e0000000, 0x00000000f3c80000, 0x00000000f5580000)
  object space 324096K, 22% used [0x00000000e0000000,0x00000000e47d3e50,0x00000000f3c80000)
 Metaspace       used 102982K, capacity 109226K, committed 115200K, reserved 1148928K
  class space    used 12888K, capacity 14131K, committed 15360K, reserved 1048576K
GC Heap History (10 events):
Event: 6468.294 GC heap before
{Heap before GC invocations=80 (full 4):
 PSYoungGen      total 134656K, used 105462K [0x00000000f5580000, 0x00000000fff00000, 0x0000000100000000)
  eden space 100864K, 100% used [0x00000000f5580000,0x00000000fb800000,0x00000000fb800000)
  from space 33792K, 13% used [0x00000000fb800000,0x00000000fbc7d860,0x00000000fd900000)
  to   space 32256K, 0% used [0x00000000fdf80000,0x00000000fdf80000,0x00000000fff00000)
 ParOldGen       total 302592K, used 276434K [0x00000000e0000000, 0x00000000f2780000, 0x00000000f5580000)
  object space 302592K, 91% used [0x00000000e0000000,0x00000000f0df4a18,0x00000000f2780000)
 Metaspace       used 106505K, capacity 114756K, committed 114944K, reserved 1148928K
  class space    used 13568K, capacity 15321K, committed 15360K, reserved 1048576K
Event: 6468.311 GC heap after
Heap after GC invocations=80 (full 4):
 PSYoungGen      total 137216K, used 928K [0x00000000f5580000, 0x00000000ffb80000, 0x0000000100000000)
  eden space 108544K, 0% used [0x00000000f5580000,0x00000000f5580000,0x00000000fbf80000)
  from space 28672K, 3% used [0x00000000fdf80000,0x00000000fe068020,0x00000000ffb80000)
  to   space 30720K, 0% used [0x00000000fbf80000,0x00000000fbf80000,0x00000000fdd80000)
 ParOldGen       total 302592K, used 280069K [0x00000000e0000000, 0x00000000f2780000, 0x00000000f5580000)
  object space 302592K, 92% used [0x00000000e0000000,0x00000000f11817d0,0x00000000f2780000)
 Metaspace       used 106505K, capacity 114756K, committed 114944K, reserved 1148928K
  class space    used 13568K, capacity 15321K, committed 15360K, reserved 1048576K
}
Event: 6469.558 GC heap before
{Heap before GC invocations=81 (full 4):
 PSYoungGen      total 137216K, used 109472K [0x00000000f5580000, 0x00000000ffb80000, 0x0000000100000000)
  eden space 108544K, 100% used [0x00000000f5580000,0x00000000fbf80000,0x00000000fbf80000)
  from space 28672K, 3% used [0x00000000fdf80000,0x00000000fe068020,0x00000000ffb80000)
  to   space 30720K, 0% used [0x00000000fbf80000,0x00000000fbf80000,0x00000000fdd80000)
 ParOldGen       total 302592K, used 280069K [0x00000000e0000000, 0x00000000f2780000, 0x00000000f5580000)
  object space 302592K, 92% used [0x00000000e0000000,0x00000000f11817d0,0x00000000f2780000)
 Metaspace       used 106563K, capacity 114828K, committed 114944K, reserved 1148928K
  class space    used 13570K, capacity 15321K, committed 15360K, reserved 1048576K
Event: 6469.575 GC heap after
Heap after GC invocations=81 (full 4):
 PSYoungGen      total 139264K, used 2624K [0x00000000f5580000, 0x0000000100000000, 0x0000000100000000)
  eden space 108544K, 0% used [0x00000000f5580000,0x00000000f5580000,0x00000000fbf80000)
  from space 30720K, 8% used [0x00000000fbf80000,0x00000000fc210000,0x00000000fdd80000)
  to   space 29696K, 0% used [0x00000000fe300000,0x00000000fe300000,0x0000000100000000)
 ParOldGen       total 302592K, used 280877K [0x00000000e0000000, 0x00000000f2780000, 0x00000000f5580000)
  object space 302592K, 92% used [0x00000000e0000000,0x00000000f124b7f0,0x00000000f2780000)
 Metaspace       used 106563K, capacity 114828K, committed 114944K, reserved 1148928K
  class space    used 13570K, capacity 15321K, committed 15360K, reserved 1048576K
}
Event: 6471.133 GC heap before
{Heap before GC invocations=82 (full 4):
 PSYoungGen      total 139264K, used 111168K [0x00000000f5580000, 0x0000000100000000, 0x0000000100000000)
  eden space 108544K, 100% used [0x00000000f5580000,0x00000000fbf80000,0x00000000fbf80000)
  from space 30720K, 8% used [0x00000000fbf80000,0x00000000fc210000,0x00000000fdd80000)
  to   space 29696K, 0% used [0x00000000fe300000,0x00000000fe300000,0x0000000100000000)
 ParOldGen       total 302592K, used 280877K [0x00000000e0000000, 0x00000000f2780000, 0x00000000f5580000)
  object space 302592K, 92% used [0x00000000e0000000,0x00000000f124b7f0,0x00000000f2780000)
 Metaspace       used 106705K, capacity 114986K, committed 115200K, reserved 1148928K
  class space    used 13575K, capacity 15324K, committed 15360K, reserved 1048576K
Event: 6471.157 GC heap after
Heap after GC invocations=82 (full 4):
 PSYoungGen      total 138752K, used 7904K [0x00000000f5580000, 0x00000000ffb00000, 0x0000000100000000)
  eden space 114176K, 0% used [0x00000000f5580000,0x00000000f5580000,0x00000000fc500000)
  from space 24576K, 32% used [0x00000000fe300000,0x00000000feab81e0,0x00000000ffb00000)
  to   space 27648K, 0% used [0x00000000fc500000,0x00000000fc500000,0x00000000fe000000)
 ParOldGen       total 302592K, used 282974K [0x00000000e0000000, 0x00000000f2780000, 0x00000000f5580000)
  object space 302592K, 93% used [0x00000000e0000000,0x00000000f1457810,0x00000000f2780000)
 Metaspace       used 106705K, capacity 114986K, committed 115200K, reserved 1148928K
  class space    used 13575K, capacity 15324K, committed 15360K, reserved 1048576K
}
Event: 6472.421 GC heap before
{Heap before GC invocations=83 (full 4):
 PSYoungGen      total 138752K, used 122080K [0x00000000f5580000, 0x00000000ffb00000, 0x0000000100000000)
  eden space 114176K, 100% used [0x00000000f5580000,0x00000000fc500000,0x00000000fc500000)
  from space 24576K, 32% used [0x00000000fe300000,0x00000000feab81e0,0x00000000ffb00000)
  to   space 27648K, 0% used [0x00000000fc500000,0x00000000fc500000,0x00000000fe000000)
 ParOldGen       total 302592K, used 282974K [0x00000000e0000000, 0x00000000f2780000, 0x00000000f5580000)
  object space 302592K, 93% used [0x00000000e0000000,0x00000000f1457810,0x00000000f2780000)
 Metaspace       used 106733K, capacity 115058K, committed 115200K, reserved 1148928K
  class space    used 13575K, capacity 15324K, committed 15360K, reserved 1048576K
Event: 6472.451 GC heap after
Heap after GC invocations=83 (full 4):
 PSYoungGen      total 141824K, used 960K [0x00000000f5580000, 0x0000000100000000, 0x0000000100000000)
  eden space 114176K, 0% used [0x00000000f5580000,0x00000000f5580000,0x00000000fc500000)
  from space 27648K, 3% used [0x00000000fc500000,0x00000000fc5f0000,0x00000000fe000000)
  to   space 26624K, 0% used [0x00000000fe600000,0x00000000fe600000,0x0000000100000000)
 ParOldGen       total 302592K, used 290133K [0x00000000e0000000, 0x00000000f2780000, 0x00000000f5580000)
  object space 302592K, 95% used [0x00000000e0000000,0x00000000f1b55558,0x00000000f2780000)
 Metaspace       used 106733K, capacity 115058K, committed 115200K, reserved 1148928K
  class space    used 13575K, capacity 15324K, committed 15360K, reserved 1048576K
}
Event: 6472.460 GC heap before
{Heap before GC invocations=84 (full 5):
 PSYoungGen      total 141824K, used 960K [0x00000000f5580000, 0x0000000100000000, 0x0000000100000000)
  eden space 114176K, 0% used [0x00000000f5580000,0x00000000f5580000,0x00000000fc500000)
  from space 27648K, 3% used [0x00000000fc500000,0x00000000fc5f0000,0x00000000fe000000)
  to   space 26624K, 0% used [0x00000000fe600000,0x00000000fe600000,0x0000000100000000)
 ParOldGen       total 302592K, used 290133K [0x00000000e0000000, 0x00000000f2780000, 0x00000000f5580000)
  object space 302592K, 95% used [0x00000000e0000000,0x00000000f1b55558,0x00000000f2780000)
 Metaspace       used 106733K, capacity 115058K, committed 115200K, reserved 1148928K
  class space    used 13575K, capacity 15324K, committed 15360K, reserved 1048576K
Event: 6477.152 GC heap after
Heap after GC invocations=84 (full 5):
 PSYoungGen      total 141824K, used 0K [0x00000000f5580000, 0x0000000100000000, 0x0000000100000000)
  eden space 114176K, 0% used [0x00000000f5580000,0x00000000f5580000,0x00000000fc500000)
  from space 27648K, 0% used [0x00000000fc500000,0x00000000fc500000,0x00000000fe000000)
  to   space 26624K, 0% used [0x00000000fe600000,0x00000000fe600000,0x0000000100000000)
 ParOldGen       total 324096K, used 73551K [0x00000000e0000000, 0x00000000f3c80000, 0x00000000f5580000)
  object space 324096K, 22% used [0x00000000e0000000,0x00000000e47d3e50,0x00000000f3c80000)
 Metaspace       used 102974K, capacity 109214K, committed 115200K, reserved 1148928K
  class space    used 12885K, capacity 14127K, committed 15360K, reserved 1048576K
}

