# JRE version: OpenJDK Runtime Environment (8.0_202-b03) (build 1.8.0_202-release-1483-b03)
# Java VM: OpenJDK 64-Bit Server VM (25.202-b03 mixed mode windows-amd64 compressed oops)
Heap:
 PSYoungGen      total 187904K, used 155529K [0x00000000eab00000, 0x00000000f8500000, 0x0000000100000000)
  eden space 173056K, 81% used [0x00000000eab00000,0x00000000f34bc620,0x00000000f5400000)
  from space 14848K, 97% used [0x00000000f7680000,0x00000000f84a60a8,0x00000000f8500000)
  to   space 21504K, 0% used [0x00000000f5b00000,0x00000000f5b00000,0x00000000f7000000)
 ParOldGen       total 135680K, used 34714K [0x00000000c0000000, 0x00000000c8480000, 0x00000000eab00000)
  object space 135680K, 25% used [0x00000000c0000000,0x00000000c21e6a98,0x00000000c8480000)
 Metaspace       used 66398K, capacity 68658K, committed 68824K, reserved 1107968K
  class space    used 8954K, capacity 9565K, committed 9688K, reserved 1048576K
GC Heap History (10 events):
Event: 43.110 GC heap before
{Heap before GC invocations=13 (full 2):
 PSYoungGen      total 110592K, used 110160K [0x00000000eab00000, 0x00000000f2900000, 0x0000000100000000)
  eden space 99840K, 100% used [0x00000000eab00000,0x00000000f0c80000,0x00000000f0c80000)
  from space 10752K, 95% used [0x00000000f1e80000,0x00000000f28941e0,0x00000000f2900000)
  to   space 13824K, 0% used [0x00000000f0e00000,0x00000000f0e00000,0x00000000f1b80000)
 ParOldGen       total 92672K, used 17577K [0x00000000c0000000, 0x00000000c5a80000, 0x00000000eab00000)
  object space 92672K, 18% used [0x00000000c0000000,0x00000000c112a570,0x00000000c5a80000)
 Metaspace       used 50225K, capacity 51352K, committed 51544K, reserved 1093632K
  class space    used 6617K, capacity 6940K, committed 7000K, reserved 1048576K
Event: 43.494 GC heap after
Heap after GC invocations=13 (full 2):
 PSYoungGen      total 115200K, used 13793K [0x00000000eab00000, 0x00000000f5080000, 0x0000000100000000)
  eden space 101376K, 0% used [0x00000000eab00000,0x00000000eab00000,0x00000000f0e00000)
  from space 13824K, 99% used [0x00000000f0e00000,0x00000000f1b784f0,0x00000000f1b80000)
  to   space 15872K, 0% used [0x00000000f4100000,0x00000000f4100000,0x00000000f5080000)
 ParOldGen       total 92672K, used 19262K [0x00000000c0000000, 0x00000000c5a80000, 0x00000000eab00000)
  object space 92672K, 20% used [0x00000000c0000000,0x00000000c12cfa88,0x00000000c5a80000)
 Metaspace       used 50225K, capacity 51352K, committed 51544K, reserved 1093632K
  class space    used 6617K, capacity 6940K, committed 7000K, reserved 1048576K
}
Event: 50.307 GC heap before
{Heap before GC invocations=14 (full 2):
 PSYoungGen      total 115200K, used 115169K [0x00000000eab00000, 0x00000000f5080000, 0x0000000100000000)
  eden space 101376K, 100% used [0x00000000eab00000,0x00000000f0e00000,0x00000000f0e00000)
  from space 13824K, 99% used [0x00000000f0e00000,0x00000000f1b784f0,0x00000000f1b80000)
  to   space 15872K, 0% used [0x00000000f4100000,0x00000000f4100000,0x00000000f5080000)
 ParOldGen       total 92672K, used 19262K [0x00000000c0000000, 0x00000000c5a80000, 0x00000000eab00000)
  object space 92672K, 20% used [0x00000000c0000000,0x00000000c12cfa88,0x00000000c5a80000)
 Metaspace       used 56190K, capacity 57478K, committed 57816K, reserved 1099776K
  class space    used 7436K, capacity 7818K, committed 7896K, reserved 1048576K
Event: 50.354 GC heap after
Heap after GC invocations=14 (full 2):
 PSYoungGen      total 149504K, used 15857K [0x00000000eab00000, 0x00000000f5800000, 0x0000000100000000)
  eden space 133632K, 0% used [0x00000000eab00000,0x00000000eab00000,0x00000000f2d80000)
  from space 15872K, 99% used [0x00000000f4100000,0x00000000f507c728,0x00000000f5080000)
  to   space 19968K, 0% used [0x00000000f2d80000,0x00000000f2d80000,0x00000000f4100000)
 ParOldGen       total 92672K, used 24934K [0x00000000c0000000, 0x00000000c5a80000, 0x00000000eab00000)
  object space 92672K, 26% used [0x00000000c0000000,0x00000000c1859b50,0x00000000c5a80000)
 Metaspace       used 56190K, capacity 57478K, committed 57816K, reserved 1099776K
  class space    used 7436K, capacity 7818K, committed 7896K, reserved 1048576K
}
Event: 52.396 GC heap before
{Heap before GC invocations=15 (full 2):
 PSYoungGen      total 149504K, used 47781K [0x00000000eab00000, 0x00000000f5800000, 0x0000000100000000)
  eden space 133632K, 23% used [0x00000000eab00000,0x00000000eca2cfe8,0x00000000f2d80000)
  from space 15872K, 99% used [0x00000000f4100000,0x00000000f507c728,0x00000000f5080000)
  to   space 19968K, 0% used [0x00000000f2d80000,0x00000000f2d80000,0x00000000f4100000)
 ParOldGen       total 92672K, used 24934K [0x00000000c0000000, 0x00000000c5a80000, 0x00000000eab00000)
  object space 92672K, 26% used [0x00000000c0000000,0x00000000c1859b50,0x00000000c5a80000)
 Metaspace       used 57531K, capacity 58844K, committed 58968K, reserved 1099776K
  class space    used 7572K, capacity 7943K, committed 8024K, reserved 1048576K
Event: 52.493 GC heap after
Heap after GC invocations=15 (full 2):
 PSYoungGen      total 153600K, used 1873K [0x00000000eab00000, 0x00000000f8a80000, 0x0000000100000000)
  eden space 133632K, 0% used [0x00000000eab00000,0x00000000eab00000,0x00000000f2d80000)
  from space 19968K, 9% used [0x00000000f2d80000,0x00000000f2f545a8,0x00000000f4100000)
  to   space 20480K, 0% used [0x00000000f7680000,0x00000000f7680000,0x00000000f8a80000)
 ParOldGen       total 92672K, used 37770K [0x00000000c0000000, 0x00000000c5a80000, 0x00000000eab00000)
  object space 92672K, 40% used [0x00000000c0000000,0x00000000c24e2b88,0x00000000c5a80000)
 Metaspace       used 57531K, capacity 58844K, committed 58968K, reserved 1099776K
  class space    used 7572K, capacity 7943K, committed 8024K, reserved 1048576K
}
Event: 52.493 GC heap before
{Heap before GC invocations=16 (full 3):
 PSYoungGen      total 153600K, used 1873K [0x00000000eab00000, 0x00000000f8a80000, 0x0000000100000000)
  eden space 133632K, 0% used [0x00000000eab00000,0x00000000eab00000,0x00000000f2d80000)
  from space 19968K, 9% used [0x00000000f2d80000,0x00000000f2f545a8,0x00000000f4100000)
  to   space 20480K, 0% used [0x00000000f7680000,0x00000000f7680000,0x00000000f8a80000)
 ParOldGen       total 92672K, used 37770K [0x00000000c0000000, 0x00000000c5a80000, 0x00000000eab00000)
  object space 92672K, 40% used [0x00000000c0000000,0x00000000c24e2b88,0x00000000c5a80000)
 Metaspace       used 57531K, capacity 58844K, committed 58968K, reserved 1099776K
  class space    used 7572K, capacity 7943K, committed 8024K, reserved 1048576K
Event: 53.713 GC heap after
Heap after GC invocations=16 (full 3):
 PSYoungGen      total 153600K, used 0K [0x00000000eab00000, 0x00000000f8a80000, 0x0000000100000000)
  eden space 133632K, 0% used [0x00000000eab00000,0x00000000eab00000,0x00000000f2d80000)
  from space 19968K, 0% used [0x00000000f2d80000,0x00000000f2d80000,0x00000000f4100000)
  to   space 20480K, 0% used [0x00000000f7680000,0x00000000f7680000,0x00000000f8a80000)
 ParOldGen       total 135680K, used 34714K [0x00000000c0000000, 0x00000000c8480000, 0x00000000eab00000)
  object space 135680K, 25% used [0x00000000c0000000,0x00000000c21e6a98,0x00000000c8480000)
 Metaspace       used 57531K, capacity 58844K, committed 58968K, reserved 1099776K
  class space    used 7572K, capacity 7943K, committed 8024K, reserved 1048576K
}
Event: 65.574 GC heap before
{Heap before GC invocations=17 (full 3):
 PSYoungGen      total 153600K, used 133632K [0x00000000eab00000, 0x00000000f8a80000, 0x0000000100000000)
  eden space 133632K, 100% used [0x00000000eab00000,0x00000000f2d80000,0x00000000f2d80000)
  from space 19968K, 0% used [0x00000000f2d80000,0x00000000f2d80000,0x00000000f4100000)
  to   space 20480K, 0% used [0x00000000f7680000,0x00000000f7680000,0x00000000f8a80000)
 ParOldGen       total 135680K, used 34714K [0x00000000c0000000, 0x00000000c8480000, 0x00000000eab00000)
  object space 135680K, 25% used [0x00000000c0000000,0x00000000c21e6a98,0x00000000c8480000)
 Metaspace       used 64314K, capacity 66442K, committed 66776K, reserved 1105920K
  class space    used 8716K, capacity 9307K, committed 9432K, reserved 1048576K
Event: 65.779 GC heap after
Heap after GC invocations=17 (full 3):
 PSYoungGen      total 187904K, used 14488K [0x00000000eab00000, 0x00000000f8500000, 0x0000000100000000)
  eden space 173056K, 0% used [0x00000000eab00000,0x00000000eab00000,0x00000000f5400000)
  from space 14848K, 97% used [0x00000000f7680000,0x00000000f84a60a8,0x00000000f8500000)
  to   space 21504K, 0% used [0x00000000f5b00000,0x00000000f5b00000,0x00000000f7000000)
 ParOldGen       total 135680K, used 34714K [0x00000000c0000000, 0x00000000c8480000, 0x00000000eab00000)
  object space 135680K, 25% used [0x00000000c0000000,0x00000000c21e6a98,0x00000000c8480000)
 Metaspace       used 64314K, capacity 66442K, committed 66776K, reserved 1105920K
  class space    used 8716K, capacity 9307K, committed 9432K, reserved 1048576K
}

