# JRE version: OpenJDK Runtime Environment (8.0_202-b03) (build 1.8.0_202-release-1483-b03)
# Java VM: OpenJDK 64-Bit Server VM (25.202-b03 mixed mode windows-amd64 compressed oops)
Heap:
 PSYoungGen      total 111616K, used 87632K [0x00000000f5580000, 0x00000000ff000000, 0x0000000100000000)
  eden space 97280K, 75% used [0x00000000f5580000,0x00000000f9d1bf08,0x00000000fb480000)
  from space 14336K, 99% used [0x00000000fe200000,0x00000000feff8408,0x00000000ff000000)
  to   space 13312K, 0% used [0x00000000fb480000,0x00000000fb480000,0x00000000fc180000)
 ParOldGen       total 188416K, used 19716K [0x00000000e0000000, 0x00000000eb800000, 0x00000000f5580000)
  object space 188416K, 10% used [0x00000000e0000000,0x00000000e13411c0,0x00000000eb800000)
 Metaspace       used 55817K, capacity 57574K, committed 57728K, reserved 1099776K
  class space    used 7505K, capacity 8012K, committed 8064K, reserved 1048576K
GC Heap History (10 events):
Event: 16.180 GC heap before
{Heap before GC invocations=6 (full 1):
 PSYoungGen      total 76288K, used 73531K [0x00000000f5580000, 0x00000000fc600000, 0x0000000100000000)
  eden space 65536K, 100% used [0x00000000f5580000,0x00000000f9580000,0x00000000f9580000)
  from space 10752K, 74% used [0x00000000fa000000,0x00000000fa7cef80,0x00000000faa80000)
  to   space 10752K, 0% used [0x00000000f9580000,0x00000000f9580000,0x00000000fa000000)
 ParOldGen       total 175104K, used 11611K [0x00000000e0000000, 0x00000000eab00000, 0x00000000f5580000)
  object space 175104K, 6% used [0x00000000e0000000,0x00000000e0b56f20,0x00000000eab00000)
 Metaspace       used 32092K, capacity 32736K, committed 33152K, reserved 1077248K
  class space    used 4424K, capacity 4622K, committed 4736K, reserved 1048576K
Event: 16.206 GC heap after
Heap after GC invocations=6 (full 1):
 PSYoungGen      total 76288K, used 8393K [0x00000000f5580000, 0x00000000fce00000, 0x0000000100000000)
  eden space 65536K, 0% used [0x00000000f5580000,0x00000000f5580000,0x00000000f9580000)
  from space 10752K, 78% used [0x00000000f9580000,0x00000000f9db2568,0x00000000fa000000)
  to   space 12800K, 0% used [0x00000000fc180000,0x00000000fc180000,0x00000000fce00000)
 ParOldGen       total 175104K, used 11619K [0x00000000e0000000, 0x00000000eab00000, 0x00000000f5580000)
  object space 175104K, 6% used [0x00000000e0000000,0x00000000e0b58f20,0x00000000eab00000)
 Metaspace       used 32092K, capacity 32736K, committed 33152K, reserved 1077248K
  class space    used 4424K, capacity 4622K, committed 4736K, reserved 1048576K
}
Event: 18.546 GC heap before
{Heap before GC invocations=7 (full 1):
 PSYoungGen      total 76288K, used 60922K [0x00000000f5580000, 0x00000000fce00000, 0x0000000100000000)
  eden space 65536K, 80% used [0x00000000f5580000,0x00000000f88cc358,0x00000000f9580000)
  from space 10752K, 78% used [0x00000000f9580000,0x00000000f9db2568,0x00000000fa000000)
  to   space 12800K, 0% used [0x00000000fc180000,0x00000000fc180000,0x00000000fce00000)
 ParOldGen       total 175104K, used 11619K [0x00000000e0000000, 0x00000000eab00000, 0x00000000f5580000)
  object space 175104K, 6% used [0x00000000e0000000,0x00000000e0b58f20,0x00000000eab00000)
 Metaspace       used 34667K, capacity 35412K, committed 35456K, reserved 1079296K
  class space    used 4774K, capacity 4984K, committed 4992K, reserved 1048576K
Event: 18.581 GC heap after
Heap after GC invocations=7 (full 1):
 PSYoungGen      total 110080K, used 10629K [0x00000000f5580000, 0x00000000fd300000, 0x0000000100000000)
  eden space 97280K, 0% used [0x00000000f5580000,0x00000000f5580000,0x00000000fb480000)
  from space 12800K, 83% used [0x00000000fc180000,0x00000000fcbe1618,0x00000000fce00000)
  to   space 13312K, 0% used [0x00000000fb480000,0x00000000fb480000,0x00000000fc180000)
 ParOldGen       total 175104K, used 11627K [0x00000000e0000000, 0x00000000eab00000, 0x00000000f5580000)
  object space 175104K, 6% used [0x00000000e0000000,0x00000000e0b5af20,0x00000000eab00000)
 Metaspace       used 34667K, capacity 35412K, committed 35456K, reserved 1079296K
  class space    used 4774K, capacity 4984K, committed 4992K, reserved 1048576K
}
Event: 18.581 GC heap before
{Heap before GC invocations=8 (full 2):
 PSYoungGen      total 110080K, used 10629K [0x00000000f5580000, 0x00000000fd300000, 0x0000000100000000)
  eden space 97280K, 0% used [0x00000000f5580000,0x00000000f5580000,0x00000000fb480000)
  from space 12800K, 83% used [0x00000000fc180000,0x00000000fcbe1618,0x00000000fce00000)
  to   space 13312K, 0% used [0x00000000fb480000,0x00000000fb480000,0x00000000fc180000)
 ParOldGen       total 175104K, used 11627K [0x00000000e0000000, 0x00000000eab00000, 0x00000000f5580000)
  object space 175104K, 6% used [0x00000000e0000000,0x00000000e0b5af20,0x00000000eab00000)
 Metaspace       used 34667K, capacity 35412K, committed 35456K, reserved 1079296K
  class space    used 4774K, capacity 4984K, committed 4992K, reserved 1048576K
Event: 18.783 GC heap after
Heap after GC invocations=8 (full 2):
 PSYoungGen      total 110080K, used 0K [0x00000000f5580000, 0x00000000fd300000, 0x0000000100000000)
  eden space 97280K, 0% used [0x00000000f5580000,0x00000000f5580000,0x00000000fb480000)
  from space 12800K, 0% used [0x00000000fc180000,0x00000000fc180000,0x00000000fce00000)
  to   space 13312K, 0% used [0x00000000fb480000,0x00000000fb480000,0x00000000fc180000)
 ParOldGen       total 188416K, used 17620K [0x00000000e0000000, 0x00000000eb800000, 0x00000000f5580000)
  object space 188416K, 9% used [0x00000000e0000000,0x00000000e1135150,0x00000000eb800000)
 Metaspace       used 34659K, capacity 35382K, committed 35456K, reserved 1079296K
  class space    used 4771K, capacity 4979K, committed 4992K, reserved 1048576K
}
Event: 25.221 GC heap before
{Heap before GC invocations=9 (full 2):
 PSYoungGen      total 110080K, used 97280K [0x00000000f5580000, 0x00000000fd300000, 0x0000000100000000)
  eden space 97280K, 100% used [0x00000000f5580000,0x00000000fb480000,0x00000000fb480000)
  from space 12800K, 0% used [0x00000000fc180000,0x00000000fc180000,0x00000000fce00000)
  to   space 13312K, 0% used [0x00000000fb480000,0x00000000fb480000,0x00000000fc180000)
 ParOldGen       total 188416K, used 17620K [0x00000000e0000000, 0x00000000eb800000, 0x00000000f5580000)
  object space 188416K, 9% used [0x00000000e0000000,0x00000000e1135150,0x00000000eb800000)
 Metaspace       used 46916K, capacity 48098K, committed 48256K, reserved 1091584K
  class space    used 6316K, capacity 6675K, committed 6784K, reserved 1048576K
Event: 25.259 GC heap after
Heap after GC invocations=9 (full 2):
 PSYoungGen      total 110592K, used 12442K [0x00000000f5580000, 0x00000000ff000000, 0x0000000100000000)
  eden space 97280K, 0% used [0x00000000f5580000,0x00000000f5580000,0x00000000fb480000)
  from space 13312K, 93% used [0x00000000fb480000,0x00000000fc0a6bd8,0x00000000fc180000)
  to   space 14336K, 0% used [0x00000000fe200000,0x00000000fe200000,0x00000000ff000000)
 ParOldGen       total 188416K, used 17692K [0x00000000e0000000, 0x00000000eb800000, 0x00000000f5580000)
  object space 188416K, 9% used [0x00000000e0000000,0x00000000e1147160,0x00000000eb800000)
 Metaspace       used 46916K, capacity 48098K, committed 48256K, reserved 1091584K
  class space    used 6316K, capacity 6675K, committed 6784K, reserved 1048576K
}
Event: 28.428 GC heap before
{Heap before GC invocations=10 (full 2):
 PSYoungGen      total 110592K, used 109722K [0x00000000f5580000, 0x00000000ff000000, 0x0000000100000000)
  eden space 97280K, 100% used [0x00000000f5580000,0x00000000fb480000,0x00000000fb480000)
  from space 13312K, 93% used [0x00000000fb480000,0x00000000fc0a6bd8,0x00000000fc180000)
  to   space 14336K, 0% used [0x00000000fe200000,0x00000000fe200000,0x00000000ff000000)
 ParOldGen       total 188416K, used 17692K [0x00000000e0000000, 0x00000000eb800000, 0x00000000f5580000)
  object space 188416K, 9% used [0x00000000e0000000,0x00000000e1147160,0x00000000eb800000)
 Metaspace       used 51065K, capacity 52534K, committed 52736K, reserved 1095680K
  class space    used 6846K, capacity 7300K, committed 7424K, reserved 1048576K
Event: 28.477 GC heap after
Heap after GC invocations=10 (full 2):
 PSYoungGen      total 111616K, used 14305K [0x00000000f5580000, 0x00000000ff000000, 0x0000000100000000)
  eden space 97280K, 0% used [0x00000000f5580000,0x00000000f5580000,0x00000000fb480000)
  from space 14336K, 99% used [0x00000000fe200000,0x00000000feff8408,0x00000000ff000000)
  to   space 13312K, 0% used [0x00000000fb480000,0x00000000fb480000,0x00000000fc180000)
 ParOldGen       total 188416K, used 19716K [0x00000000e0000000, 0x00000000eb800000, 0x00000000f5580000)
  object space 188416K, 10% used [0x00000000e0000000,0x00000000e13411c0,0x00000000eb800000)
 Metaspace       used 51065K, capacity 52534K, committed 52736K, reserved 1095680K
  class space    used 6846K, capacity 7300K, committed 7424K, reserved 1048576K
}

