# JRE version: OpenJDK Runtime Environment (8.0_202-b03) (build 1.8.0_202-release-1483-b03)
# Java VM: OpenJDK 64-Bit Server VM (25.202-b03 mixed mode windows-amd64 compressed oops)
Heap:
 PSYoungGen      total 130560K, used 101960K [0x00000000f5580000, 0x0000000100000000, 0x0000000100000000)
  eden space 105984K, 73% used [0x00000000f5580000,0x00000000fa191738,0x00000000fbd00000)
  from space 24576K, 97% used [0x00000000fbd00000,0x00000000fd480a80,0x00000000fd500000)
  to   space 36864K, 0% used [0x00000000fdc00000,0x00000000fdc00000,0x0000000100000000)
 ParOldGen       total 262144K, used 116028K [0x00000000e0000000, 0x00000000f0000000, 0x00000000f5580000)
  object space 262144K, 44% used [0x00000000e0000000,0x00000000e714f398,0x00000000f0000000)
 Metaspace       used 83712K, capacity 87166K, committed 87512K, reserved 1124352K
  class space    used 10875K, capacity 11657K, committed 11776K, reserved 1048576K
GC Heap History (10 events):
Event: 125.660 GC heap before
{Heap before GC invocations=63 (full 4):
 PSYoungGen      total 162304K, used 154115K [0x00000000f5580000, 0x00000000fff00000, 0x0000000100000000)
  eden space 152064K, 100% used [0x00000000f5580000,0x00000000fea00000,0x00000000fea00000)
  from space 10240K, 20% used [0x00000000ff500000,0x00000000ff700d78,0x00000000fff00000)
  to   space 10752K, 0% used [0x00000000fea00000,0x00000000fea00000,0x00000000ff480000)
 ParOldGen       total 262144K, used 56564K [0x00000000e0000000, 0x00000000f0000000, 0x00000000f5580000)
  object space 262144K, 21% used [0x00000000e0000000,0x00000000e373d178,0x00000000f0000000)
 Metaspace       used 81718K, capacity 85038K, committed 85208K, reserved 1122304K
  class space    used 10695K, capacity 11407K, committed 11520K, reserved 1048576K
Event: 125.669 GC heap after
Heap after GC invocations=63 (full 4):
 PSYoungGen      total 162816K, used 4147K [0x00000000f5580000, 0x00000000fff80000, 0x0000000100000000)
  eden space 152064K, 0% used [0x00000000f5580000,0x00000000f5580000,0x00000000fea00000)
  from space 10752K, 38% used [0x00000000fea00000,0x00000000fee0cd88,0x00000000ff480000)
  to   space 10240K, 0% used [0x00000000ff580000,0x00000000ff580000,0x00000000fff80000)
 ParOldGen       total 262144K, used 56644K [0x00000000e0000000, 0x00000000f0000000, 0x00000000f5580000)
  object space 262144K, 21% used [0x00000000e0000000,0x00000000e3751178,0x00000000f0000000)
 Metaspace       used 81718K, capacity 85038K, committed 85208K, reserved 1122304K
  class space    used 10695K, capacity 11407K, committed 11520K, reserved 1048576K
}
Event: 126.701 GC heap before
{Heap before GC invocations=64 (full 4):
 PSYoungGen      total 162816K, used 156211K [0x00000000f5580000, 0x00000000fff80000, 0x0000000100000000)
  eden space 152064K, 100% used [0x00000000f5580000,0x00000000fea00000,0x00000000fea00000)
  from space 10752K, 38% used [0x00000000fea00000,0x00000000fee0cd88,0x00000000ff480000)
  to   space 10240K, 0% used [0x00000000ff580000,0x00000000ff580000,0x00000000fff80000)
 ParOldGen       total 262144K, used 56644K [0x00000000e0000000, 0x00000000f0000000, 0x00000000f5580000)
  object space 262144K, 21% used [0x00000000e0000000,0x00000000e3751178,0x00000000f0000000)
 Metaspace       used 81723K, capacity 85038K, committed 85208K, reserved 1122304K
  class space    used 10695K, capacity 11407K, committed 11520K, reserved 1048576K
Event: 126.709 GC heap after
Heap after GC invocations=64 (full 4):
 PSYoungGen      total 163840K, used 2142K [0x00000000f5580000, 0x00000000fff80000, 0x0000000100000000)
  eden space 153600K, 0% used [0x00000000f5580000,0x00000000f5580000,0x00000000feb80000)
  from space 10240K, 20% used [0x00000000ff580000,0x00000000ff797b70,0x00000000fff80000)
  to   space 10240K, 0% used [0x00000000feb80000,0x00000000feb80000,0x00000000ff580000)
 ParOldGen       total 262144K, used 56644K [0x00000000e0000000, 0x00000000f0000000, 0x00000000f5580000)
  object space 262144K, 21% used [0x00000000e0000000,0x00000000e3751178,0x00000000f0000000)
 Metaspace       used 81723K, capacity 85038K, committed 85208K, reserved 1122304K
  class space    used 10695K, capacity 11407K, committed 11520K, reserved 1048576K
}
Event: 128.111 GC heap before
{Heap before GC invocations=65 (full 4):
 PSYoungGen      total 163840K, used 155739K [0x00000000f5580000, 0x00000000fff80000, 0x0000000100000000)
  eden space 153600K, 99% used [0x00000000f5580000,0x00000000feb7f198,0x00000000feb80000)
  from space 10240K, 20% used [0x00000000ff580000,0x00000000ff797b70,0x00000000fff80000)
  to   space 10240K, 0% used [0x00000000feb80000,0x00000000feb80000,0x00000000ff580000)
 ParOldGen       total 262144K, used 56644K [0x00000000e0000000, 0x00000000f0000000, 0x00000000f5580000)
  object space 262144K, 21% used [0x00000000e0000000,0x00000000e3751178,0x00000000f0000000)
 Metaspace       used 82545K, capacity 85972K, committed 86104K, reserved 1124352K
  class space    used 10795K, capacity 11572K, committed 11648K, reserved 1048576K
Event: 128.147 GC heap after
Heap after GC invocations=65 (full 4):
 PSYoungGen      total 163840K, used 10235K [0x00000000f5580000, 0x0000000100000000, 0x0000000100000000)
  eden space 153600K, 0% used [0x00000000f5580000,0x00000000f5580000,0x00000000feb80000)
  from space 10240K, 99% used [0x00000000feb80000,0x00000000ff57ef40,0x00000000ff580000)
  to   space 10752K, 0% used [0x00000000ff580000,0x00000000ff580000,0x0000000100000000)
 ParOldGen       total 262144K, used 73783K [0x00000000e0000000, 0x00000000f0000000, 0x00000000f5580000)
  object space 262144K, 28% used [0x00000000e0000000,0x00000000e480dc50,0x00000000f0000000)
 Metaspace       used 82545K, capacity 85972K, committed 86104K, reserved 1124352K
  class space    used 10795K, capacity 11572K, committed 11648K, reserved 1048576K
}
Event: 131.140 GC heap before
{Heap before GC invocations=66 (full 4):
 PSYoungGen      total 163840K, used 163782K [0x00000000f5580000, 0x0000000100000000, 0x0000000100000000)
  eden space 153600K, 99% used [0x00000000f5580000,0x00000000feb72a08,0x00000000feb80000)
  from space 10240K, 99% used [0x00000000feb80000,0x00000000ff57ef40,0x00000000ff580000)
  to   space 10752K, 0% used [0x00000000ff580000,0x00000000ff580000,0x0000000100000000)
 ParOldGen       total 262144K, used 73783K [0x00000000e0000000, 0x00000000f0000000, 0x00000000f5580000)
  object space 262144K, 28% used [0x00000000e0000000,0x00000000e480dc50,0x00000000f0000000)
 Metaspace       used 82950K, capacity 86368K, committed 86616K, reserved 1124352K
  class space    used 10807K, capacity 11584K, committed 11648K, reserved 1048576K
Event: 131.266 GC heap after
Heap after GC invocations=66 (full 4):
 PSYoungGen      total 116736K, used 10728K [0x00000000f5580000, 0x0000000100000000, 0x0000000100000000)
  eden space 105984K, 0% used [0x00000000f5580000,0x00000000f5580000,0x00000000fbd00000)
  from space 10752K, 99% used [0x00000000ff580000,0x00000000ffffa248,0x0000000100000000)
  to   space 34304K, 0% used [0x00000000fbd00000,0x00000000fbd00000,0x00000000fde80000)
 ParOldGen       total 262144K, used 115988K [0x00000000e0000000, 0x00000000f0000000, 0x00000000f5580000)
  object space 262144K, 44% used [0x00000000e0000000,0x00000000e7145398,0x00000000f0000000)
 Metaspace       used 82950K, capacity 86368K, committed 86616K, reserved 1124352K
  class space    used 10807K, capacity 11584K, committed 11648K, reserved 1048576K
}
Event: 132.841 GC heap before
{Heap before GC invocations=67 (full 4):
 PSYoungGen      total 116736K, used 116712K [0x00000000f5580000, 0x0000000100000000, 0x0000000100000000)
  eden space 105984K, 100% used [0x00000000f5580000,0x00000000fbd00000,0x00000000fbd00000)
  from space 10752K, 99% used [0x00000000ff580000,0x00000000ffffa248,0x0000000100000000)
  to   space 34304K, 0% used [0x00000000fbd00000,0x00000000fbd00000,0x00000000fde80000)
 ParOldGen       total 262144K, used 115988K [0x00000000e0000000, 0x00000000f0000000, 0x00000000f5580000)
  object space 262144K, 44% used [0x00000000e0000000,0x00000000e7145398,0x00000000f0000000)
 Metaspace       used 83448K, capacity 86870K, committed 87128K, reserved 1124352K
  class space    used 10860K, capacity 11625K, committed 11648K, reserved 1048576K
Event: 132.922 GC heap after
Heap after GC invocations=67 (full 4):
 PSYoungGen      total 130560K, used 24066K [0x00000000f5580000, 0x0000000100000000, 0x0000000100000000)
  eden space 105984K, 0% used [0x00000000f5580000,0x00000000f5580000,0x00000000fbd00000)
  from space 24576K, 97% used [0x00000000fbd00000,0x00000000fd480a80,0x00000000fd500000)
  to   space 36864K, 0% used [0x00000000fdc00000,0x00000000fdc00000,0x0000000100000000)
 ParOldGen       total 262144K, used 116028K [0x00000000e0000000, 0x00000000f0000000, 0x00000000f5580000)
  object space 262144K, 44% used [0x00000000e0000000,0x00000000e714f398,0x00000000f0000000)
 Metaspace       used 83448K, capacity 86870K, committed 87128K, reserved 1124352K
  class space    used 10860K, capacity 11625K, committed 11648K, reserved 1048576K
}

